<?xml version="1.0" encoding="UTF-8"?>
<!-- Generated by org.testng.reporters.JUnitReportReporter -->
<testsuite hostname="NDPSLTP22-137" failures="0" tests="1" name="automationseleniumcoverfox.listeners" time="0.011" errors="0" timestamp="2024-10-01T20:26:19 IST" skipped="0">
  <testcase classname="automationseleniumcoverfox.listeners" name="f" time="0.011"/>
  <system-out>
    <![CDATA[pass print
Pass]]>
  </system-out>
</testsuite> <!-- automationseleniumcoverfox.listeners -->
